#
# There is insufficient memory for the Java Runtime Environment to continue.
# Native memory allocation (malloc) failed to allocate 779776 bytes for Chunk::new
# Possible reasons:
#   The system is out of physical RAM or swap space
#   In 32 bit mode, the process size limit was hit
# Possible solutions:
#   Reduce memory load on the system
#   Increase physical memory or swap space
#   Check if swap backing store is full
#   Use 64 bit Java on a 64 bit OS
#   Decrease Java heap size (-Xmx/-Xms)
#   Decrease number of Java threads
#   Decrease Java thread stack sizes (-Xss)
#   Set larger code cache with -XX:ReservedCodeCacheSize=
# This output file may be truncated or incomplete.
#
#  Out of Memory Error (allocation.cpp:390), pid=4540, tid=0x0000000000001440
#
# JRE version: Java(TM) SE Runtime Environment (8.0_111-b14) (build 1.8.0_111-b14)
# Java VM: Java HotSpot(TM) 64-Bit Server VM (25.111-b14 mixed mode windows-amd64 compressed oops)
# Failed to write core dump. Minidumps are not enabled by default on client versions of Windows
#

---------------  T H R E A D  ---------------

Current thread (0x0000000015e2d000):  JavaThread "C2 CompilerThread0" daemon [_thread_in_native, id=5184, stack(0x0000000016600000,0x0000000016700000)]

Stack: [0x0000000016600000,0x0000000016700000]
[error occurred during error reporting (printing stack bounds), id 0xc0000005]

Native frames: (J=compiled Java code, j=interpreted, Vv=VM code, C=native code)


Current CompileTask:
C2:   8948 2284   !   4       java.net.URLClassLoader$1::run (63 bytes)


---------------  P R O C E S S  ---------------

Java Threads: ( => current thread )
  0x00000000181d8000 JavaThread "pool-1-thread-1 for channel id=52 / waiting for channel id=83" [_thread_blocked, id=16152, stack(0x0000000019430000,0x0000000019530000)]
  0x0000000018109800 JavaThread "Channel reader thread: channel" [_thread_in_native, id=17184, stack(0x0000000019120000,0x0000000019220000)]
  0x0000000018048000 JavaThread "RemoteInvocationHandler [#1]" daemon [_thread_blocked, id=19052, stack(0x0000000019230000,0x0000000019330000)]
  0x00000000170e8800 JavaThread "Service Thread" daemon [_thread_blocked, id=1636, stack(0x0000000017600000,0x0000000017700000)]
  0x0000000015e30800 JavaThread "C1 CompilerThread1" daemon [_thread_blocked, id=16644, stack(0x0000000016fc0000,0x00000000170c0000)]
=>0x0000000015e2d000 JavaThread "C2 CompilerThread0" daemon [_thread_in_native, id=5184, stack(0x0000000016600000,0x0000000016700000)]
  0x0000000015e2b800 JavaThread "Attach Listener" daemon [_thread_blocked, id=17608, stack(0x0000000016e30000,0x0000000016f30000)]
  0x0000000015e2a000 JavaThread "Signal Dispatcher" daemon [_thread_blocked, id=25048, stack(0x0000000016c30000,0x0000000016d30000)]
  0x0000000015e0e800 JavaThread "Finalizer" daemon [_thread_blocked, id=24384, stack(0x0000000016a30000,0x0000000016b30000)]
  0x0000000015dc5800 JavaThread "Reference Handler" daemon [_thread_blocked, id=15776, stack(0x0000000016850000,0x0000000016950000)]
  0x00000000020d0000 JavaThread "main" [_thread_blocked, id=25300, stack(0x0000000002430000,0x0000000002530000)]

Other Threads:
  0x0000000015dbd800 VMThread [stack: 0x0000000016730000,0x0000000016830000] [id=20088]
  0x0000000017106000 WatcherThread [stack: 0x0000000017810000,0x0000000017910000] [id=28536]

VM state:not at safepoint (normal execution)

VM Mutex/Monitor currently owned by a thread: None

Heap:
 PSYoungGen      total 28672K, used 21945K [0x00000000e0000000, 0x00000000e2000000, 0x0000000100000000)
  eden space 24576K, 72% used [0x00000000e0000000,0x00000000e1175870,0x00000000e1800000)
  from space 4096K, 99% used [0x00000000e1c00000,0x00000000e1ff8d50,0x00000000e2000000)
  to   space 4096K, 0% used [0x00000000e1800000,0x00000000e1800000,0x00000000e1c00000)
 ParOldGen       total 65536K, used 9415K [0x00000000a0000000, 0x00000000a4000000, 0x00000000e0000000)
  object space 65536K, 14% used [0x00000000a0000000,0x00000000a0931f30,0x00000000a4000000)
 Metaspace       used 18514K, capacity 19072K, committed 19200K, reserved 1067008K
  class space    used 2240K, capacity 2503K, committed 2560K, reserved 1048576K

Card table byte_map: [0x00000000118f0000,0x0000000011c00000] byte_map_base: 0x00000000113f0000

Marking Bits: (ParMarkBitMap*) 0x000000006446a6c0
 Begin Bits: [0x0000000012190000, 0x0000000013990000)
 End Bits:   [0x0000000013990000, 0x0000000015190000)

Polling page: 0x0000000001f50000

CodeCache: size=245760Kb used=7882Kb max_used=7882Kb free=237877Kb
 bounds [0x0000000002530000, 0x0000000002cf0000, 0x0000000011530000]
 total_blobs=2639 nmethods=2289 adapters=262
 compilation: enabled

Compilation events (10 events):
Event: 8.830 Thread 0x0000000015e30800 2287       1       com.google.inject.spi.InjectionPoint::getDeclaringType (5 bytes)
Event: 8.831 Thread 0x0000000015e30800 nmethod 2287 0x0000000002cbbcd0 code [0x0000000002cbbe20, 0x0000000002cbbf30]
Event: 8.841 Thread 0x0000000015e30800 2288       3       com.google.inject.internal.ProviderInstanceBindingImpl::getProviderInstance (8 bytes)
Event: 8.842 Thread 0x0000000015e30800 nmethod 2288 0x0000000002cd9d50 code [0x0000000002cd9ec0, 0x0000000002cda048]
Event: 8.842 Thread 0x0000000015e30800 2289       3       com.google.inject.util.Providers::guicify (116 bytes)
Event: 8.843 Thread 0x0000000015e30800 nmethod 2289 0x0000000002ce4690 code [0x0000000002ce4960, 0x0000000002ce5c88]
Event: 8.843 Thread 0x0000000015e30800 2290       3       org.eclipse.sisu.space.AbstractDeferredClass::getImplementationClass (2 bytes)
Event: 8.843 Thread 0x0000000015e30800 nmethod 2290 0x0000000002cd9a10 code [0x0000000002cd9b60, 0x0000000002cd9cb0]
Event: 8.843 Thread 0x0000000015e30800 2291       3       org.eclipse.sisu.plexus.PlexusPropertyBinder::bindProperty (143 bytes)
Event: 8.845 Thread 0x0000000015e30800 nmethod 2291 0x0000000002ce65d0 code [0x0000000002ce6820, 0x0000000002ce7798]

GC Heap History (8 events):
Event: 5.057 GC heap before
{Heap before GC invocations=1 (full 0):
 PSYoungGen      total 28672K, used 24576K [0x00000000e0000000, 0x00000000e2000000, 0x0000000100000000)
  eden space 24576K, 100% used [0x00000000e0000000,0x00000000e1800000,0x00000000e1800000)
  from space 4096K, 0% used [0x00000000e1c00000,0x00000000e1c00000,0x00000000e2000000)
  to   space 4096K, 0% used [0x00000000e1800000,0x00000000e1800000,0x00000000e1c00000)
 ParOldGen       total 65536K, used 0K [0x00000000a0000000, 0x00000000a4000000, 0x00000000e0000000)
  object space 65536K, 0% used [0x00000000a0000000,0x00000000a0000000,0x00000000a4000000)
 Metaspace       used 8925K, capacity 9360K, committed 9472K, reserved 1056768K
  class space    used 1000K, capacity 1168K, committed 1280K, reserved 1048576K
Event: 5.108 GC heap after
Heap after GC invocations=1 (full 0):
 PSYoungGen      total 28672K, used 4080K [0x00000000e0000000, 0x00000000e2000000, 0x0000000100000000)
  eden space 24576K, 0% used [0x00000000e0000000,0x00000000e0000000,0x00000000e1800000)
  from space 4096K, 99% used [0x00000000e1800000,0x00000000e1bfc130,0x00000000e1c00000)
  to   space 4096K, 0% used [0x00000000e1c00000,0x00000000e1c00000,0x00000000e2000000)
 ParOldGen       total 65536K, used 780K [0x00000000a0000000, 0x00000000a4000000, 0x00000000e0000000)
  object space 65536K, 1% used [0x00000000a0000000,0x00000000a00c3020,0x00000000a4000000)
 Metaspace       used 8925K, capacity 9360K, committed 9472K, reserved 1056768K
  class space    used 1000K, capacity 1168K, committed 1280K, reserved 1048576K
}
Event: 6.710 GC heap before
{Heap before GC invocations=2 (full 0):
 PSYoungGen      total 28672K, used 28656K [0x00000000e0000000, 0x00000000e2000000, 0x0000000100000000)
  eden space 24576K, 100% used [0x00000000e0000000,0x00000000e1800000,0x00000000e1800000)
  from space 4096K, 99% used [0x00000000e1800000,0x00000000e1bfc130,0x00000000e1c00000)
  to   space 4096K, 0% used [0x00000000e1c00000,0x00000000e1c00000,0x00000000e2000000)
 ParOldGen       total 65536K, used 780K [0x00000000a0000000, 0x00000000a4000000, 0x00000000e0000000)
  object space 65536K, 1% used [0x00000000a0000000,0x00000000a00c3020,0x00000000a4000000)
 Metaspace       used 11764K, capacity 12242K, committed 12416K, reserved 1060864K
  class space    used 1370K, capacity 1584K, committed 1664K, reserved 1048576K
Event: 6.728 GC heap after
Heap after GC invocations=2 (full 0):
 PSYoungGen      total 28672K, used 4064K [0x00000000e0000000, 0x00000000e2000000, 0x0000000100000000)
  eden space 24576K, 0% used [0x00000000e0000000,0x00000000e0000000,0x00000000e1800000)
  from space 4096K, 99% used [0x00000000e1c00000,0x00000000e1ff8030,0x00000000e2000000)
  to   space 4096K, 0% used [0x00000000e1800000,0x00000000e1800000,0x00000000e1c00000)
 ParOldGen       total 65536K, used 3076K [0x00000000a0000000, 0x00000000a4000000, 0x00000000e0000000)
  object space 65536K, 4% used [0x00000000a0000000,0x00000000a03012f0,0x00000000a4000000)
 Metaspace       used 11764K, capacity 12242K, committed 12416K, reserved 1060864K
  class space    used 1370K, capacity 1584K, committed 1664K, reserved 1048576K
}
Event: 7.188 GC heap before
{Heap before GC invocations=3 (full 0):
 PSYoungGen      total 28672K, used 28640K [0x00000000e0000000, 0x00000000e2000000, 0x0000000100000000)
  eden space 24576K, 100% used [0x00000000e0000000,0x00000000e1800000,0x00000000e1800000)
  from space 4096K, 99% used [0x00000000e1c00000,0x00000000e1ff8030,0x00000000e2000000)
  to   space 4096K, 0% used [0x00000000e1800000,0x00000000e1800000,0x00000000e1c00000)
 ParOldGen       total 65536K, used 3076K [0x00000000a0000000, 0x00000000a4000000, 0x00000000e0000000)
  object space 65536K, 4% used [0x00000000a0000000,0x00000000a03012f0,0x00000000a4000000)
 Metaspace       used 13229K, capacity 13752K, committed 13952K, reserved 1060864K
  class space    used 1584K, capacity 1809K, committed 1920K, reserved 1048576K
Event: 7.201 GC heap after
Heap after GC invocations=3 (full 0):
 PSYoungGen      total 28672K, used 4080K [0x00000000e0000000, 0x00000000e2000000, 0x0000000100000000)
  eden space 24576K, 0% used [0x00000000e0000000,0x00000000e0000000,0x00000000e1800000)
  from space 4096K, 99% used [0x00000000e1800000,0x00000000e1bfc020,0x00000000e1c00000)
  to   space 4096K, 0% used [0x00000000e1c00000,0x00000000e1c00000,0x00000000e2000000)
 ParOldGen       total 65536K, used 5487K [0x00000000a0000000, 0x00000000a4000000, 0x00000000e0000000)
  object space 65536K, 8% used [0x00000000a0000000,0x00000000a055bf70,0x00000000a4000000)
 Metaspace       used 13229K, capacity 13752K, committed 13952K, reserved 1060864K
  class space    used 1584K, capacity 1809K, committed 1920K, reserved 1048576K
}
Event: 7.934 GC heap before
{Heap before GC invocations=4 (full 0):
 PSYoungGen      total 28672K, used 28656K [0x00000000e0000000, 0x00000000e2000000, 0x0000000100000000)
  eden space 24576K, 100% used [0x00000000e0000000,0x00000000e1800000,0x00000000e1800000)
  from space 4096K, 99% used [0x00000000e1800000,0x00000000e1bfc020,0x00000000e1c00000)
  to   space 4096K, 0% used [0x00000000e1c00000,0x00000000e1c00000,0x00000000e2000000)
 ParOldGen       total 65536K, used 5487K [0x00000000a0000000, 0x00000000a4000000, 0x00000000e0000000)
  object space 65536K, 8% used [0x00000000a0000000,0x00000000a055bf70,0x00000000a4000000)
 Metaspace       used 16258K, capacity 16766K, committed 16896K, reserved 1064960K
  class space    used 1983K, capacity 2236K, committed 2304K, reserved 1048576K
Event: 7.971 GC heap after
Heap after GC invocations=4 (full 0):
 PSYoungGen      total 28672K, used 4067K [0x00000000e0000000, 0x00000000e2000000, 0x0000000100000000)
  eden space 24576K, 0% used [0x00000000e0000000,0x00000000e0000000,0x00000000e1800000)
  from space 4096K, 99% used [0x00000000e1c00000,0x00000000e1ff8d50,0x00000000e2000000)
  to   space 4096K, 0% used [0x00000000e1800000,0x00000000e1800000,0x00000000e1c00000)
 ParOldGen       total 65536K, used 9415K [0x00000000a0000000, 0x00000000a4000000, 0x00000000e0000000)
  object space 65536K, 14% used [0x00000000a0000000,0x00000000a0931f30,0x00000000a4000000)
 Metaspace       used 16258K, capacity 16766K, committed 16896K, reserved 1064960K
  class space    used 1983K, capacity 2236K, committed 2304K, reserved 1048576K
}

Deoptimization events (10 events):
Event: 7.052 Thread 0x00000000181d8000 Uncommon trap: reason=unstable_if action=reinterpret pc=0x0000000002a8f928 method=org.codehaus.plexus.util.xml.pull.MXParser.isWhitespace()Z @ 20
Event: 7.098 Thread 0x00000000181d8000 Uncommon trap: reason=unstable_if action=reinterpret pc=0x00000000028c04e0 method=java.util.regex.Matcher.match(II)Z @ 91
Event: 7.111 Thread 0x00000000181d8000 Uncommon trap: reason=unstable_if action=reinterpret pc=0x00000000029f74a0 method=sun.misc.MetaIndex.mayContain(Ljava/lang/String;)Z @ 38
Event: 7.165 Thread 0x00000000181d8000 Uncommon trap: reason=range_check action=make_not_entrant pc=0x0000000002adda60 method=sun.reflect.generics.parser.SignatureParser.current()C @ 34
Event: 7.267 Thread 0x00000000181d8000 Uncommon trap: reason=unstable_if action=reinterpret pc=0x0000000002a31060 method=sun.net.www.ParseUtil.encodePath(Ljava/lang/String;Z)Ljava/lang/String; @ 109
Event: 8.446 Thread 0x00000000181d8000 Uncommon trap: reason=null_check action=make_not_entrant pc=0x00000000026dbaa4 method=java.lang.String.equals(Ljava/lang/Object;)Z @ 8
Event: 8.564 Thread 0x00000000181d8000 Uncommon trap: reason=unstable_if action=reinterpret pc=0x0000000002aaea60 method=org.codehaus.plexus.util.xml.pull.MXParser.parseStartTag()I @ 443
Event: 8.569 Thread 0x00000000181d8000 Uncommon trap: reason=unstable_if action=reinterpret pc=0x0000000002a89b48 method=sun.nio.cs.StreamDecoder.implRead([CII)I @ 36
Event: 8.629 Thread 0x00000000181d8000 Uncommon trap: reason=unstable_if action=reinterpret pc=0x00000000029e7354 method=java.io.WinNTFileSystem.normalize(Ljava/lang/String;II)Ljava/lang/String; @ 90
Event: 8.815 Thread 0x00000000181d8000 Uncommon trap: reason=unstable_if action=reinterpret pc=0x000000000275d4ec method=java.lang.String.replace(CC)Ljava/lang/String; @ 2

Internal exceptions (10 events):
Event: 6.816 Thread 0x00000000181d8000 Exception <a 'java/lang/ArrayIndexOutOfBoundsException'> (0x00000000e03a0f28) thrown at [C:\re\workspace\8-2-build-windows-amd64-cygwin\jdk8u111\7883\hotspot\src\share\vm\runtime\sharedRuntime.cpp, line 605]
Event: 7.062 Thread 0x00000000181d8000 Exception <a 'java/lang/ArrayIndexOutOfBoundsException'> (0x00000000e12b1820) thrown at [C:\re\workspace\8-2-build-windows-amd64-cygwin\jdk8u111\7883\hotspot\src\share\vm\runtime\sharedRuntime.cpp, line 605]
Event: 7.064 Thread 0x00000000181d8000 Exception <a 'java/lang/ArrayIndexOutOfBoundsException'> (0x00000000e12b33b0) thrown at [C:\re\workspace\8-2-build-windows-amd64-cygwin\jdk8u111\7883\hotspot\src\share\vm\runtime\sharedRuntime.cpp, line 605]
Event: 7.128 Thread 0x00000000181d8000 Exception <a 'java/lang/ArrayIndexOutOfBoundsException'> (0x00000000e1470368) thrown at [C:\re\workspace\8-2-build-windows-amd64-cygwin\jdk8u111\7883\hotspot\src\share\vm\runtime\sharedRuntime.cpp, line 605]
Event: 7.128 Thread 0x00000000181d8000 Exception <a 'java/lang/ArrayIndexOutOfBoundsException'> (0x00000000e1471358) thrown at [C:\re\workspace\8-2-build-windows-amd64-cygwin\jdk8u111\7883\hotspot\src\share\vm\runtime\sharedRuntime.cpp, line 605]
Event: 7.165 Thread 0x00000000181d8000 Exception <a 'java/lang/ArrayIndexOutOfBoundsException': 85> (0x00000000e167ce38) thrown at [C:\re\workspace\8-2-build-windows-amd64-cygwin\jdk8u111\7883\hotspot\src\share\vm\interpreter\interpreterRuntime.cpp, line 366]
Event: 7.165 Thread 0x00000000181d8000 Exception <a 'java/lang/ArrayIndexOutOfBoundsException': 40> (0x00000000e167dea0) thrown at [C:\re\workspace\8-2-build-windows-amd64-cygwin\jdk8u111\7883\hotspot\src\share\vm\interpreter\interpreterRuntime.cpp, line 366]
Event: 7.236 Thread 0x00000000181d8000 Exception <a 'java/lang/NoClassDefFoundError': com/google/inject/servlet/ServletModuleTargetVisitor> (0x00000000e0156f48) thrown at [C:\re\workspace\8-2-build-windows-amd64-cygwin\jdk8u111\7883\hotspot\src\share\vm\classfile\systemDictionary.cpp, line 199
Event: 7.236 Thread 0x00000000181d8000 Exception <a 'java/lang/NoClassDefFoundError'> (0x00000000e0156f48) thrown at [C:\re\workspace\8-2-build-windows-amd64-cygwin\jdk8u111\7883\hotspot\src\share\vm\prims\jvm.cpp, line 1390]
Event: 8.446 Thread 0x00000000181d8000 Implicit null exception at 0x00000000026db8da to 0x00000000026dba95

Events (10 events):
Event: 8.860 loading class java/util/LinkedList$ListItr
Event: 8.862 loading class java/util/LinkedList$ListItr done
Event: 8.896 loading class org/eclipse/aether/util/repository/ChainedWorkspaceReader
Event: 8.896 loading class org/eclipse/aether/util/repository/ChainedWorkspaceReader done
Event: 8.899 loading class org/apache/maven/execution/MavenSession
Event: 8.899 loading class org/apache/maven/execution/MavenSession done
Event: 8.899 loading class hudson/Util
Event: 8.899 loading class hudson/Util done
Event: 8.900 loading class hudson/Util
Event: 8.900 loading class hudson/Util done


Dynamic libraries:
0x000000013f190000 - 0x000000013f1c7000 	C:\Program Files\Java\jdk1.8.0_111\bin\java.exe
0x0000000077710000 - 0x00000000778ba000 	C:\windows\SYSTEM32\ntdll.dll
0x00000000775f0000 - 0x000000007770f000 	C:\windows\system32\kernel32.dll
0x000007fefd780000 - 0x000007fefd7ea000 	C:\windows\system32\KERNELBASE.dll
0x000007feff290000 - 0x000007feff36b000 	C:\windows\system32\ADVAPI32.dll
0x000007fefdda0000 - 0x000007fefde3f000 	C:\windows\system32\msvcrt.dll
0x000007feff7f0000 - 0x000007feff80f000 	C:\windows\SYSTEM32\sechost.dll
0x000007feff8f0000 - 0x000007feffa1d000 	C:\windows\system32\RPCRT4.dll
0x00000000774f0000 - 0x00000000775ea000 	C:\windows\system32\USER32.dll
0x000007feff220000 - 0x000007feff287000 	C:\windows\system32\GDI32.dll
0x000007fefde40000 - 0x000007fefde4e000 	C:\windows\system32\LPK.dll
0x000007fefdac0000 - 0x000007fefdb8a000 	C:\windows\system32\USP10.dll
0x000007fefba70000 - 0x000007fefbc64000 	C:\windows\WinSxS\amd64_microsoft.windows.common-controls_6595b64144ccf1df_6.0.7601.18837_none_fa3b1e3d17594757\COMCTL32.dll
0x000007feff370000 - 0x000007feff3e1000 	C:\windows\system32\SHLWAPI.dll
0x000007feff7c0000 - 0x000007feff7ee000 	C:\windows\system32\IMM32.DLL
0x000007fefd800000 - 0x000007fefd909000 	C:\windows\system32\MSCTF.dll
0x000007fefd350000 - 0x000007fefd3ad000 	C:\PROGRA~1\Citrix\System32\MFAPHOOK64.DLL
0x000007fefd270000 - 0x000007fefd2a2000 	C:\Program Files\Citrix\ICAService\picaFullScreenHookX64.dll
0x000007fefcb80000 - 0x000007fefcbb6000 	C:\Program Files\Citrix\ICAService\ShellHook64.dll
0x000007fefdb90000 - 0x000007fefdd93000 	C:\windows\system32\ole32.dll
0x000007fefde50000 - 0x000007fefebda000 	C:\windows\system32\SHELL32.dll
0x000007fefd0f0000 - 0x000007fefd269000 	C:\Program Files\Citrix\ICAService\SCardHook64.dll
0x000007fefd080000 - 0x000007fefd0aa000 	C:\Program Files\Citrix\ICAService\cxinjime64.dll
0x000007fefd030000 - 0x000007fefd07d000 	C:\Program Files\Citrix\ICAService\PicaWtsHook64.dll
0x000000006a2f0000 - 0x000000006a3c2000 	C:\Program Files\Java\jdk1.8.0_111\jre\bin\msvcr100.dll
0x0000000063c50000 - 0x00000000644ea000 	C:\Program Files\Java\jdk1.8.0_111\jre\bin\server\jvm.dll
0x000007fee6270000 - 0x000007fee6279000 	C:\windows\system32\WSOCK32.dll
0x000007feff1d0000 - 0x000007feff21d000 	C:\windows\system32\WS2_32.dll
0x000007feff6d0000 - 0x000007feff6d8000 	C:\windows\system32\NSI.dll
0x000007fef0ff0000 - 0x000007fef102b000 	C:\windows\system32\WINMM.dll
0x000007fefcf20000 - 0x000007fefcf2c000 	C:\windows\system32\VERSION.dll
0x00000000778e0000 - 0x00000000778e7000 	C:\windows\system32\PSAPI.DLL
0x000000006f350000 - 0x000000006f35f000 	C:\Program Files\Java\jdk1.8.0_111\jre\bin\verify.dll
0x000000006ca80000 - 0x000000006caa9000 	C:\Program Files\Java\jdk1.8.0_111\jre\bin\java.dll
0x000000006e8c0000 - 0x000000006e8d6000 	C:\Program Files\Java\jdk1.8.0_111\jre\bin\zip.dll
0x000007fefd450000 - 0x000007fefd45f000 	C:\windows\system32\profapi.dll
0x000000006f020000 - 0x000000006f03a000 	C:\Program Files\Java\jdk1.8.0_111\jre\bin\net.dll
0x000007fefc450000 - 0x000007fefc4a5000 	C:\windows\system32\mswsock.dll
0x000007fefc440000 - 0x000007fefc447000 	C:\windows\System32\wship6.dll
0x0000000069790000 - 0x0000000069928000 	C:\Program Files\Java\jdk1.8.0_111\jre\bin\awt.dll
0x000007feff6e0000 - 0x000007feff7ba000 	C:\windows\system32\OLEAUT32.dll

VM Arguments:
java_command: jenkins.maven3.agent.Maven32Main C:\Program Files\apache-maven-3.2.5 C:\Program Files (x86)\Jenkins\war\WEB-INF\lib\remoting-3.4.1.jar C:\Program Files (x86)\Jenkins\plugins\maven-plugin\WEB-INF\lib\maven32-interceptor-1.8.1.jar C:\Program Files (x86)\Jenkins\plugins\maven-plugin\WEB-INF\lib\maven3-interceptor-commons-1.8.1.jar 64706
java_class_path (initial): C:\Program Files (x86)\Jenkins\plugins\maven-plugin\WEB-INF\lib\maven32-agent-1.8.1.jar;C:\Program Files\apache-maven-3.2.5\boot\plexus-classworlds-2.5.2.jar;C:\Program Files\apache-maven-3.2.5/conf/logging
Launcher Type: SUN_STANDARD

Environment Variables:
JAVA_HOME=C:\Program Files\Java\jdk1.8.0_111
JRE_HOME=C:\Program Files\Java\jre1.8.0_111
PATH=C:\Program Files\apache-maven-3.2.5/bin;C:\Program Files\Java\jdk1.8.0_111/bin;C:\Program Files (x86)\Jenkins\tools\chromedriver;C:\Program Files\Java\jdk1.8.0_111/bin;C:\ProgramData\Oracle\Java\javapath;C:\Program Files (x86)\IBM\WebSphere MQ\Java\lib;C:\windows\system32;C:\windows;C:\windows\System32\Wbem;C:\windows\System32\WindowsPowerShell\v1.0\;C:\windows\System32\WindowsPowerShell\v1.0\;C:\Program Files\Citrix\ICAService\;C:\Program Files\Citrix\System32\;C:\Program Files (x86)\Common Files\Citrix\System32;C:\Program Files\Cerner;C:\Program Files (x86)\IBM\WebSphere MQ\bin64;C:\Program Files (x86)\IBM\WebSphere MQ\bin;C:\Program Files (x86)\IBM\WebSphere MQ\tools\c\samples\bin;C:\Program Files\Java\jdk1.8.0_111\bin;C:\Program Files\apache-maven-3.2.5\bin;C:\MySql/server5620\bin;C:\Program Files\Citrix\Virtual Desktop Agent\;
USERNAME=WIN7DX64-03129$
OS=Windows_NT
PROCESSOR_IDENTIFIER=Intel64 Family 6 Model 45 Stepping 2, GenuineIntel



---------------  S Y S T E M  ---------------

OS: Windows 7 , 64 bit Build 7601 (6.1.7601.23572)

CPU:total 2 (2 cores per cpu, 1 threads per core) family 6 model 45 stepping 2, cmov, cx8, fxsr, mmx, sse, sse2, sse3, ssse3, sse4.1, sse4.2, popcnt, avx, aes, clmul, tsc, tscinvbit, tscinv

Memory: 4k page, physical 6290932k(638400k free), swap 8386224k(7788k free)

vm_info: Java HotSpot(TM) 64-Bit Server VM (25.111-b14) for windows-amd64 JRE (1.8.0_111-b14), built on Sep 22 2016 19:24:05 by "java_re" with MS VC++ 10.0 (VS2010)

time: Tue Mar 07 14:45:12 2017
elapsed time: 8 seconds (0d 0h 0m 8s)

